<?xml version="1.0" encoding="UTF-8"?>
<!-- Generated by org.testng.reporters.JUnitXMLReporter -->
<testsuite hostname="LAPTOP-0AOM9FTS" ignored="0" name="BankingApp Test" tests="2" failures="0" timestamp="2021-07-28T17:45:44 EDT" time="24.381" errors="0">
  <testcase name="loginTest" time="0.902" classname="com.inetbanking.testCases.TC_LoginTest_001"/>
  <testcase name="addNewCustomer" time="14.691" classname="com.inetbanking.testCases.TC_AddCustomerTest_003"/>
</testsuite> <!-- BankingApp Test -->
