<?xml version="1.0" encoding="UTF-8"?>
<testng-results skipped="0" failed="0" ignored="0" total="2" passed="2">
  <reporter-output>
  </reporter-output>
  <suite name="InetBankingV1" duration-ms="24381" started-at="2021-07-28T17:45:20 EDT" finished-at="2021-07-28T17:45:44 EDT">
    <groups>
    </groups>
    <test name="BankingApp Test" duration-ms="24381" started-at="2021-07-28T17:45:20 EDT" finished-at="2021-07-28T17:45:44 EDT">
      <class name="com.inetbanking.testCases.TC_LoginTest_001">
        <test-method status="PASS" signature="setup(java.lang.String)[pri:0, instance:com.inetbanking.testCases.TC_LoginTest_001@64bf3bbf]" name="setup" is-config="true" duration-ms="3790" started-at="2021-07-28T17:45:20 EDT" finished-at="2021-07-28T17:45:24 EDT">
          <params>
            <param index="0">
              <value>
                <![CDATA[chrome]]>
              </value>
            </param>
          </params>
          <reporter-output>
          </reporter-output>
        </test-method> <!-- setup -->
        <test-method status="PASS" signature="loginTest()[pri:0, instance:com.inetbanking.testCases.TC_LoginTest_001@64bf3bbf]" name="loginTest" duration-ms="902" started-at="2021-07-28T17:45:24 EDT" finished-at="2021-07-28T17:45:25 EDT">
          <reporter-output>
          </reporter-output>
        </test-method> <!-- loginTest -->
        <test-method status="PASS" signature="tearDown()[pri:0, instance:com.inetbanking.testCases.TC_LoginTest_001@64bf3bbf]" name="tearDown" is-config="true" duration-ms="626" started-at="2021-07-28T17:45:25 EDT" finished-at="2021-07-28T17:45:26 EDT">
          <reporter-output>
          </reporter-output>
        </test-method> <!-- tearDown -->
      </class> <!-- com.inetbanking.testCases.TC_LoginTest_001 -->
      <class name="com.inetbanking.testCases.TC_AddCustomerTest_003">
        <test-method status="PASS" signature="setup(java.lang.String)[pri:0, instance:com.inetbanking.testCases.TC_AddCustomerTest_003@617faa95]" name="setup" is-config="true" duration-ms="3367" started-at="2021-07-28T17:45:26 EDT" finished-at="2021-07-28T17:45:29 EDT">
          <params>
            <param index="0">
              <value>
                <![CDATA[chrome]]>
              </value>
            </param>
          </params>
          <reporter-output>
          </reporter-output>
        </test-method> <!-- setup -->
        <test-method status="PASS" signature="addNewCustomer()[pri:0, instance:com.inetbanking.testCases.TC_AddCustomerTest_003@617faa95]" name="addNewCustomer" duration-ms="14691" started-at="2021-07-28T17:45:29 EDT" finished-at="2021-07-28T17:45:44 EDT">
          <reporter-output>
          </reporter-output>
        </test-method> <!-- addNewCustomer -->
        <test-method status="PASS" signature="tearDown()[pri:0, instance:com.inetbanking.testCases.TC_AddCustomerTest_003@617faa95]" name="tearDown" is-config="true" duration-ms="585" started-at="2021-07-28T17:45:44 EDT" finished-at="2021-07-28T17:45:44 EDT">
          <reporter-output>
          </reporter-output>
        </test-method> <!-- tearDown -->
      </class> <!-- com.inetbanking.testCases.TC_AddCustomerTest_003 -->
    </test> <!-- BankingApp Test -->
  </suite> <!-- InetBankingV1 -->
</testng-results>
